  [4;36;1mSQL (0.4ms)[0m   [0;1m SELECT name
 FROM sqlite_master
 WHERE type = 'table' AND NOT name = 'sqlite_sequence'
[0m
  [4;35;1mSQL (0.1ms)[0m   [0mselect sqlite_version(*)[0m
  [4;36;1mSQL (2.0ms)[0m   [0;1mCREATE TABLE "schema_migrations" ("version" varchar(255) NOT NULL) [0m
  [4;35;1mSQL (0.1ms)[0m   [0mPRAGMA index_list("schema_migrations")[0m
  [4;36;1mSQL (1.5ms)[0m   [0;1mCREATE UNIQUE INDEX "unique_schema_migrations" ON "schema_migrations" ("version")[0m
  [4;35;1mSQL (0.2ms)[0m   [0m SELECT name
 FROM sqlite_master
 WHERE type = 'table' AND NOT name = 'sqlite_sequence'
[0m
  [4;36;1mSQL (0.1ms)[0m   [0;1mSELECT version FROM schema_migrations[0m
Migrating to CreateOauthTables (20110221212726)
  [4;35;1mSQL (0.5ms)[0m   [0mCREATE TABLE "client_applications" ("id" INTEGER PRIMARY KEY AUTOINCREMENT NOT NULL, "name" varchar(255), "url" varchar(255), "support_url" varchar(255), "callback_url" varchar(255), "key" varchar(20), "secret" varchar(40), "user_id" integer, "created_at" datetime, "updated_at" datetime) [0m
  [4;36;1mSQL (0.0ms)[0m   [0;1mPRAGMA index_list("client_applications")[0m
  [4;35;1mSQL (0.4ms)[0m   [0mCREATE unique INDEX "index_client_applications_on_key" ON "client_applications" ("key")[0m
  [4;36;1mSQL (0.2ms)[0m   [0;1mCREATE TABLE "oauth_tokens" ("id" INTEGER PRIMARY KEY AUTOINCREMENT NOT NULL, "user_id" integer, "type" varchar(20), "client_application_id" integer, "token" varchar(20), "secret" varchar(40), "callback_url" varchar(255), "verifier" varchar(20), "authorized_at" datetime, "invalidated_at" datetime, "created_at" datetime, "updated_at" datetime) [0m
  [4;35;1mSQL (0.0ms)[0m   [0mPRAGMA index_list("oauth_tokens")[0m
  [4;36;1mSQL (0.1ms)[0m   [0;1mCREATE unique INDEX "index_oauth_tokens_on_token" ON "oauth_tokens" ("token")[0m
  [4;35;1mSQL (0.1ms)[0m   [0mCREATE TABLE "oauth_nonces" ("id" INTEGER PRIMARY KEY AUTOINCREMENT NOT NULL, "nonce" varchar(255), "timestamp" integer, "created_at" datetime, "updated_at" datetime) [0m
  [4;36;1mSQL (0.0ms)[0m   [0;1mPRAGMA index_list("oauth_nonces")[0m
  [4;35;1mSQL (0.2ms)[0m   [0mCREATE unique INDEX "index_oauth_nonces_on_nonce_and_timestamp" ON "oauth_nonces" ("nonce", "timestamp")[0m
  [4;36;1mSQL (0.1ms)[0m   [0;1mINSERT INTO schema_migrations (version) VALUES ('20110221212726')[0m
  [4;35;1mSQL (1.0ms)[0m   [0m SELECT name
 FROM sqlite_master
 WHERE type = 'table' AND NOT name = 'sqlite_sequence'
[0m
  [4;36;1mSQL (0.1ms)[0m   [0;1mSELECT version FROM schema_migrations[0m
  [4;35;1mSQL (0.1ms)[0m   [0m SELECT name
 FROM sqlite_master
 WHERE type = 'table' AND NOT name = 'sqlite_sequence'
[0m
  [4;36;1mSQL (0.3ms)[0m   [0;1mPRAGMA index_list("client_applications")[0m
  [4;35;1mSQL (0.1ms)[0m   [0mPRAGMA index_info('index_client_applications_on_key')[0m
  [4;36;1mSQL (0.1ms)[0m   [0;1mPRAGMA index_list("oauth_nonces")[0m
  [4;35;1mSQL (0.1ms)[0m   [0mPRAGMA index_info('index_oauth_nonces_on_nonce_and_timestamp')[0m
  [4;36;1mSQL (0.1ms)[0m   [0;1mPRAGMA index_list("oauth_tokens")[0m
  [4;35;1mSQL (0.1ms)[0m   [0mPRAGMA index_info('index_oauth_tokens_on_token')[0m
  [4;36;1mSQL (0.6ms)[0m   [0;1m SELECT name
 FROM sqlite_master
 WHERE type = 'table' AND NOT name = 'sqlite_sequence'
[0m
  [4;35;1mSQL (0.1ms)[0m   [0mSELECT version FROM schema_migrations[0m
  [4;36;1mSQL (0.1ms)[0m   [0;1mselect sqlite_version(*)[0m
  [4;35;1mSQL (0.2ms)[0m   [0m SELECT name
 FROM sqlite_master
 WHERE type = 'table' AND NOT name = 'sqlite_sequence'
[0m
  [4;36;1mSQL (1.5ms)[0m   [0;1mCREATE TABLE "client_applications" ("id" INTEGER PRIMARY KEY AUTOINCREMENT NOT NULL, "name" varchar(255), "url" varchar(255), "support_url" varchar(255), "callback_url" varchar(255), "key" varchar(20), "secret" varchar(40), "user_id" integer, "created_at" datetime, "updated_at" datetime) [0m
  [4;35;1mSQL (0.1ms)[0m   [0mPRAGMA index_list("client_applications")[0m
  [4;36;1mSQL (1.6ms)[0m   [0;1mCREATE UNIQUE INDEX "index_client_applications_on_key" ON "client_applications" ("key")[0m
  [4;35;1mSQL (0.2ms)[0m   [0m SELECT name
 FROM sqlite_master
 WHERE type = 'table' AND NOT name = 'sqlite_sequence'
[0m
  [4;36;1mSQL (2.1ms)[0m   [0;1mCREATE TABLE "oauth_nonces" ("id" INTEGER PRIMARY KEY AUTOINCREMENT NOT NULL, "nonce" varchar(255), "timestamp" integer, "created_at" datetime, "updated_at" datetime) [0m
  [4;35;1mSQL (0.1ms)[0m   [0mPRAGMA index_list("oauth_nonces")[0m
  [4;36;1mSQL (1.9ms)[0m   [0;1mCREATE UNIQUE INDEX "index_oauth_nonces_on_nonce_and_timestamp" ON "oauth_nonces" ("nonce", "timestamp")[0m
  [4;35;1mSQL (0.2ms)[0m   [0m SELECT name
 FROM sqlite_master
 WHERE type = 'table' AND NOT name = 'sqlite_sequence'
[0m
  [4;36;1mSQL (2.2ms)[0m   [0;1mCREATE TABLE "oauth_tokens" ("id" INTEGER PRIMARY KEY AUTOINCREMENT NOT NULL, "user_id" integer, "type" varchar(20), "client_application_id" integer, "token" varchar(20), "secret" varchar(40), "callback_url" varchar(255), "verifier" varchar(20), "authorized_at" datetime, "invalidated_at" datetime, "created_at" datetime, "updated_at" datetime) [0m
  [4;35;1mSQL (0.1ms)[0m   [0mPRAGMA index_list("oauth_tokens")[0m
  [4;36;1mSQL (2.1ms)[0m   [0;1mCREATE UNIQUE INDEX "index_oauth_tokens_on_token" ON "oauth_tokens" ("token")[0m
  [4;35;1mSQL (0.3ms)[0m   [0m SELECT name
 FROM sqlite_master
 WHERE type = 'table' AND NOT name = 'sqlite_sequence'
[0m
  [4;36;1mSQL (3.2ms)[0m   [0;1mCREATE TABLE "schema_migrations" ("version" varchar(255) NOT NULL) [0m
  [4;35;1mSQL (0.1ms)[0m   [0mPRAGMA index_list("schema_migrations")[0m
  [4;36;1mSQL (2.6ms)[0m   [0;1mCREATE UNIQUE INDEX "unique_schema_migrations" ON "schema_migrations" ("version")[0m
  [4;35;1mSQL (0.3ms)[0m   [0m SELECT name
 FROM sqlite_master
 WHERE type = 'table' AND NOT name = 'sqlite_sequence'
[0m
  [4;36;1mSQL (0.1ms)[0m   [0;1mSELECT version FROM "schema_migrations"[0m
  [4;35;1mSQL (1.7ms)[0m   [0mINSERT INTO "schema_migrations" (version) VALUES ('20110221212726')[0m


Processing ApplicationController#index (for 127.0.0.1 at 2011-02-21 16:39:35) [GET]

ActionController::RoutingError (No route matches "/authorize" with {:method=>:get}):
  /Users/MacbookPro/.rvm/rubies/ruby-1.8.7-p302/lib/ruby/1.8/webrick/httpserver.rb:104:in `service'
  /Users/MacbookPro/.rvm/rubies/ruby-1.8.7-p302/lib/ruby/1.8/webrick/httpserver.rb:65:in `run'
  /Users/MacbookPro/.rvm/rubies/ruby-1.8.7-p302/lib/ruby/1.8/webrick/server.rb:173:in `start_thread'
  /Users/MacbookPro/.rvm/rubies/ruby-1.8.7-p302/lib/ruby/1.8/webrick/server.rb:162:in `start'
  /Users/MacbookPro/.rvm/rubies/ruby-1.8.7-p302/lib/ruby/1.8/webrick/server.rb:162:in `start_thread'
  /Users/MacbookPro/.rvm/rubies/ruby-1.8.7-p302/lib/ruby/1.8/webrick/server.rb:95:in `start'
  /Users/MacbookPro/.rvm/rubies/ruby-1.8.7-p302/lib/ruby/1.8/webrick/server.rb:92:in `each'
  /Users/MacbookPro/.rvm/rubies/ruby-1.8.7-p302/lib/ruby/1.8/webrick/server.rb:92:in `start'
  /Users/MacbookPro/.rvm/rubies/ruby-1.8.7-p302/lib/ruby/1.8/webrick/server.rb:23:in `start'
  /Users/MacbookPro/.rvm/rubies/ruby-1.8.7-p302/lib/ruby/1.8/webrick/server.rb:82:in `start'

Rendering rescues/layout (not_found)


Processing OauthController#authorize (for 127.0.0.1 at 2011-02-21 16:39:43) [GET]

NoMethodError (undefined method `login_required' for #<OauthController:0x101180ce8>):
  /Users/MacbookPro/.rvm/rubies/ruby-1.8.7-p302/lib/ruby/1.8/webrick/httpserver.rb:104:in `service'
  /Users/MacbookPro/.rvm/rubies/ruby-1.8.7-p302/lib/ruby/1.8/webrick/httpserver.rb:65:in `run'
  /Users/MacbookPro/.rvm/rubies/ruby-1.8.7-p302/lib/ruby/1.8/webrick/server.rb:173:in `start_thread'
  /Users/MacbookPro/.rvm/rubies/ruby-1.8.7-p302/lib/ruby/1.8/webrick/server.rb:162:in `start'
  /Users/MacbookPro/.rvm/rubies/ruby-1.8.7-p302/lib/ruby/1.8/webrick/server.rb:162:in `start_thread'
  /Users/MacbookPro/.rvm/rubies/ruby-1.8.7-p302/lib/ruby/1.8/webrick/server.rb:95:in `start'
  /Users/MacbookPro/.rvm/rubies/ruby-1.8.7-p302/lib/ruby/1.8/webrick/server.rb:92:in `each'
  /Users/MacbookPro/.rvm/rubies/ruby-1.8.7-p302/lib/ruby/1.8/webrick/server.rb:92:in `start'
  /Users/MacbookPro/.rvm/rubies/ruby-1.8.7-p302/lib/ruby/1.8/webrick/server.rb:23:in `start'
  /Users/MacbookPro/.rvm/rubies/ruby-1.8.7-p302/lib/ruby/1.8/webrick/server.rb:82:in `start'

Rendered rescues/_trace (90.0ms)
Rendered rescues/_request_and_response (1.1ms)
Rendering rescues/layout (internal_server_error)
  [4;36;1mSQL (98.8ms)[0m   [0;1m SELECT name
 FROM sqlite_master
 WHERE type = 'table' AND NOT name = 'sqlite_sequence'
[0m
  [4;35;1mSQL (0.3ms)[0m   [0mSELECT version FROM schema_migrations[0m
Migrating to CreateOauthTables (20110221212726)
Migrating to CreateUsers (20110221214429)
  [4;36;1mSQL (0.1ms)[0m   [0;1mselect sqlite_version(*)[0m
  [4;35;1mSQL (0.6ms)[0m   [0mCREATE TABLE "users" ("id" INTEGER PRIMARY KEY AUTOINCREMENT NOT NULL, "email" varchar(255) NOT NULL, "crypted_password" varchar(255) NOT NULL, "password_salt" varchar(255) NOT NULL, "persistence_token" varchar(255) NOT NULL, "created_at" datetime, "updated_at" datetime) [0m
  [4;36;1mSQL (0.1ms)[0m   [0;1mINSERT INTO schema_migrations (version) VALUES ('20110221214429')[0m
  [4;35;1mSQL (0.3ms)[0m   [0m SELECT name
 FROM sqlite_master
 WHERE type = 'table' AND NOT name = 'sqlite_sequence'
[0m
  [4;36;1mSQL (0.1ms)[0m   [0;1mSELECT version FROM schema_migrations[0m
  [4;35;1mSQL (0.2ms)[0m   [0m SELECT name
 FROM sqlite_master
 WHERE type = 'table' AND NOT name = 'sqlite_sequence'
[0m
  [4;36;1mSQL (0.1ms)[0m   [0;1mPRAGMA index_list("client_applications")[0m
  [4;35;1mSQL (0.1ms)[0m   [0mPRAGMA index_info('index_client_applications_on_key')[0m
  [4;36;1mSQL (0.1ms)[0m   [0;1mPRAGMA index_list("oauth_nonces")[0m
  [4;35;1mSQL (0.1ms)[0m   [0mPRAGMA index_info('index_oauth_nonces_on_nonce_and_timestamp')[0m
  [4;36;1mSQL (0.1ms)[0m   [0;1mPRAGMA index_list("oauth_tokens")[0m
  [4;35;1mSQL (0.1ms)[0m   [0mPRAGMA index_info('index_oauth_tokens_on_token')[0m
  [4;36;1mSQL (0.0ms)[0m   [0;1mPRAGMA index_list("users")[0m


Processing UserSessionsController#new (for 127.0.0.1 at 2011-02-21 16:57:33) [GET]
  Parameters: {"action"=>"new", "controller"=>"user_sessions"}

NoMethodError (undefined method `require_no_user' for #<UserSessionsController:0x103624040>):
  /Users/MacbookPro/.rvm/rubies/ruby-1.8.7-p302/lib/ruby/1.8/webrick/httpserver.rb:104:in `service'
  /Users/MacbookPro/.rvm/rubies/ruby-1.8.7-p302/lib/ruby/1.8/webrick/httpserver.rb:65:in `run'
  /Users/MacbookPro/.rvm/rubies/ruby-1.8.7-p302/lib/ruby/1.8/webrick/server.rb:173:in `start_thread'
  /Users/MacbookPro/.rvm/rubies/ruby-1.8.7-p302/lib/ruby/1.8/webrick/server.rb:162:in `start'
  /Users/MacbookPro/.rvm/rubies/ruby-1.8.7-p302/lib/ruby/1.8/webrick/server.rb:162:in `start_thread'
  /Users/MacbookPro/.rvm/rubies/ruby-1.8.7-p302/lib/ruby/1.8/webrick/server.rb:95:in `start'
  /Users/MacbookPro/.rvm/rubies/ruby-1.8.7-p302/lib/ruby/1.8/webrick/server.rb:92:in `each'
  /Users/MacbookPro/.rvm/rubies/ruby-1.8.7-p302/lib/ruby/1.8/webrick/server.rb:92:in `start'
  /Users/MacbookPro/.rvm/rubies/ruby-1.8.7-p302/lib/ruby/1.8/webrick/server.rb:23:in `start'
  /Users/MacbookPro/.rvm/rubies/ruby-1.8.7-p302/lib/ruby/1.8/webrick/server.rb:82:in `start'

Rendered rescues/_trace (93.7ms)
Rendered rescues/_request_and_response (1.0ms)
Rendering rescues/layout (internal_server_error)


Processing UserSessionsController#new (for 127.0.0.1 at 2011-02-21 16:58:59) [GET]
  Parameters: {"action"=>"new", "controller"=>"user_sessions"}
Rendering user_sessions/new

ActionView::TemplateError (undefined method `login' for #<UserSession: no credentials provided>) on line #6 of app/views/user_sessions/new.html.erb:
3: <% form_for @user_session, :url => user_session_path do |f| %>
4:   <%= f.error_messages %>
5:   <%= f.label :login %><br />
6:   <%= f.text_field :login %><br />
7:   <br />
8:   <%= f.label :password %><br />
9:   <%= f.password_field :password %><br />

    app/views/user_sessions/new.html.erb:6
    app/views/user_sessions/new.html.erb:3
    /Users/MacbookPro/.rvm/rubies/ruby-1.8.7-p302/lib/ruby/1.8/webrick/httpserver.rb:104:in `service'
    /Users/MacbookPro/.rvm/rubies/ruby-1.8.7-p302/lib/ruby/1.8/webrick/httpserver.rb:65:in `run'
    /Users/MacbookPro/.rvm/rubies/ruby-1.8.7-p302/lib/ruby/1.8/webrick/server.rb:173:in `start_thread'
    /Users/MacbookPro/.rvm/rubies/ruby-1.8.7-p302/lib/ruby/1.8/webrick/server.rb:162:in `start'
    /Users/MacbookPro/.rvm/rubies/ruby-1.8.7-p302/lib/ruby/1.8/webrick/server.rb:162:in `start_thread'
    /Users/MacbookPro/.rvm/rubies/ruby-1.8.7-p302/lib/ruby/1.8/webrick/server.rb:95:in `start'
    /Users/MacbookPro/.rvm/rubies/ruby-1.8.7-p302/lib/ruby/1.8/webrick/server.rb:92:in `each'
    /Users/MacbookPro/.rvm/rubies/ruby-1.8.7-p302/lib/ruby/1.8/webrick/server.rb:92:in `start'
    /Users/MacbookPro/.rvm/rubies/ruby-1.8.7-p302/lib/ruby/1.8/webrick/server.rb:23:in `start'
    /Users/MacbookPro/.rvm/rubies/ruby-1.8.7-p302/lib/ruby/1.8/webrick/server.rb:82:in `start'

Rendered rescues/_trace (56.9ms)
Rendered rescues/_request_and_response (0.3ms)
Rendering rescues/layout (internal_server_error)


Processing UserSessionsController#new (for 127.0.0.1 at 2011-02-21 17:01:47) [GET]
  Parameters: {"action"=>"new", "controller"=>"user_sessions"}
Rendering user_sessions/new
Completed in 17ms (View: 7, DB: 0) | 200 OK [http://localhost/]


Processing UserSessionsController#create (for 127.0.0.1 at 2011-02-21 17:01:55) [POST]
  Parameters: {"commit"=>"Login", "user_session"=>{"remember_me"=>"0", "password"=>"[FILTERED]", "email"=>"john.hinnegan@gmail.com"}, "action"=>"create", "controller"=>"user_sessions"}
  [4;36;1mUser Load (0.2ms)[0m   [0;1mSELECT * FROM "users" WHERE (LOWER("users".email) = 'john.hinnegan@gmail.com') LIMIT 1[0m
Rendering user_sessions/new
Completed in 193ms (View: 4, DB: 0) | 200 OK [http://localhost/user_session]


Processing UsersController#index (for 127.0.0.1 at 2011-02-21 17:02:03) [GET]
  Parameters: {"action"=>"index", "controller"=>"users"}

ActionController::UnknownAction (No action responded to index. Actions: create, edit, new, show, and update):
  /Users/MacbookPro/.rvm/rubies/ruby-1.8.7-p302/lib/ruby/1.8/webrick/httpserver.rb:104:in `service'
  /Users/MacbookPro/.rvm/rubies/ruby-1.8.7-p302/lib/ruby/1.8/webrick/httpserver.rb:65:in `run'
  /Users/MacbookPro/.rvm/rubies/ruby-1.8.7-p302/lib/ruby/1.8/webrick/server.rb:173:in `start_thread'
  /Users/MacbookPro/.rvm/rubies/ruby-1.8.7-p302/lib/ruby/1.8/webrick/server.rb:162:in `start'
  /Users/MacbookPro/.rvm/rubies/ruby-1.8.7-p302/lib/ruby/1.8/webrick/server.rb:162:in `start_thread'
  /Users/MacbookPro/.rvm/rubies/ruby-1.8.7-p302/lib/ruby/1.8/webrick/server.rb:95:in `start'
  /Users/MacbookPro/.rvm/rubies/ruby-1.8.7-p302/lib/ruby/1.8/webrick/server.rb:92:in `each'
  /Users/MacbookPro/.rvm/rubies/ruby-1.8.7-p302/lib/ruby/1.8/webrick/server.rb:92:in `start'
  /Users/MacbookPro/.rvm/rubies/ruby-1.8.7-p302/lib/ruby/1.8/webrick/server.rb:23:in `start'
  /Users/MacbookPro/.rvm/rubies/ruby-1.8.7-p302/lib/ruby/1.8/webrick/server.rb:82:in `start'

Rendering rescues/layout (not_found)


Processing UsersController#show (for 127.0.0.1 at 2011-02-21 17:02:06) [GET]
  Parameters: {"action"=>"show", "id"=>"create", "controller"=>"users"}
Redirected to http://localhost:3000/user_session/new
Filter chain halted as [:require_user] rendered_or_redirected.
Completed in 9ms (DB: 0) | 302 Found [http://localhost/users/create]


Processing UserSessionsController#new (for 127.0.0.1 at 2011-02-21 17:02:06) [GET]
  Parameters: {"action"=>"new", "controller"=>"user_sessions"}
Rendering user_sessions/new
Completed in 13ms (View: 3, DB: 0) | 200 OK [http://localhost/user_session/new]


Processing UsersController#new (for 127.0.0.1 at 2011-02-21 17:02:33) [GET]
  Parameters: {"action"=>"new", "controller"=>"users"}
Rendering users/new

ActionView::TemplateError (undefined method `login' for #<User:0x103520d38>) on line #2 of app/views/users/_form.erb:
1: <%= form.label :login %><br />
2: <%= form.text_field :login %><br />
3: <br />
4: <%= form.label :password, form.object.new_record? ? nil : "Change password" %><br />
5: <%= form.password_field :password %><br />

    app/views/users/_form.erb:2
    app/views/users/new.html.erb:5
    app/views/users/new.html.erb:3
    /Users/MacbookPro/.rvm/rubies/ruby-1.8.7-p302/lib/ruby/1.8/webrick/httpserver.rb:104:in `service'
    /Users/MacbookPro/.rvm/rubies/ruby-1.8.7-p302/lib/ruby/1.8/webrick/httpserver.rb:65:in `run'
    /Users/MacbookPro/.rvm/rubies/ruby-1.8.7-p302/lib/ruby/1.8/webrick/server.rb:173:in `start_thread'
    /Users/MacbookPro/.rvm/rubies/ruby-1.8.7-p302/lib/ruby/1.8/webrick/server.rb:162:in `start'
    /Users/MacbookPro/.rvm/rubies/ruby-1.8.7-p302/lib/ruby/1.8/webrick/server.rb:162:in `start_thread'
    /Users/MacbookPro/.rvm/rubies/ruby-1.8.7-p302/lib/ruby/1.8/webrick/server.rb:95:in `start'
    /Users/MacbookPro/.rvm/rubies/ruby-1.8.7-p302/lib/ruby/1.8/webrick/server.rb:92:in `each'
    /Users/MacbookPro/.rvm/rubies/ruby-1.8.7-p302/lib/ruby/1.8/webrick/server.rb:92:in `start'
    /Users/MacbookPro/.rvm/rubies/ruby-1.8.7-p302/lib/ruby/1.8/webrick/server.rb:23:in `start'
    /Users/MacbookPro/.rvm/rubies/ruby-1.8.7-p302/lib/ruby/1.8/webrick/server.rb:82:in `start'

Rendered rescues/_trace (130.9ms)
Rendered rescues/_request_and_response (1.0ms)
Rendering rescues/layout (internal_server_error)


Processing UsersController#new (for 127.0.0.1 at 2011-02-21 17:03:33) [GET]
  Parameters: {"action"=>"new", "controller"=>"users"}
Rendering users/new
Rendered users/_form (2.3ms)
Completed in 17ms (View: 7, DB: 0) | 200 OK [http://localhost/users/new]


Processing UserSessionsController#new (for 127.0.0.1 at 2011-02-21 17:05:36) [GET]
  Parameters: {"action"=>"new", "controller"=>"user_sessions"}
Rendering user_sessions/new
Completed in 12ms (View: 3, DB: 0) | 200 OK [http://localhost/user_session/new]


Processing UsersController#show (for 127.0.0.1 at 2011-02-21 17:05:40) [GET]
  Parameters: {"action"=>"show", "id"=>"create", "controller"=>"users"}
Redirected to http://localhost:3000/user_session/new
Filter chain halted as [:require_user] rendered_or_redirected.
Completed in 8ms (DB: 0) | 302 Found [http://localhost/users/create]


Processing UserSessionsController#new (for 127.0.0.1 at 2011-02-21 17:05:40) [GET]
  Parameters: {"action"=>"new", "controller"=>"user_sessions"}
Rendering user_sessions/new
Completed in 87ms (View: 4, DB: 0) | 200 OK [http://localhost/user_session/new]


Processing ApplicationController#index (for 127.0.0.1 at 2011-02-21 17:05:47) [GET]

ActionController::RoutingError (No route matches "/user/new" with {:method=>:get}):
  /Users/MacbookPro/.rvm/rubies/ruby-1.8.7-p302/lib/ruby/1.8/webrick/httpserver.rb:104:in `service'
  /Users/MacbookPro/.rvm/rubies/ruby-1.8.7-p302/lib/ruby/1.8/webrick/httpserver.rb:65:in `run'
  /Users/MacbookPro/.rvm/rubies/ruby-1.8.7-p302/lib/ruby/1.8/webrick/server.rb:173:in `start_thread'
  /Users/MacbookPro/.rvm/rubies/ruby-1.8.7-p302/lib/ruby/1.8/webrick/server.rb:162:in `start'
  /Users/MacbookPro/.rvm/rubies/ruby-1.8.7-p302/lib/ruby/1.8/webrick/server.rb:162:in `start_thread'
  /Users/MacbookPro/.rvm/rubies/ruby-1.8.7-p302/lib/ruby/1.8/webrick/server.rb:95:in `start'
  /Users/MacbookPro/.rvm/rubies/ruby-1.8.7-p302/lib/ruby/1.8/webrick/server.rb:92:in `each'
  /Users/MacbookPro/.rvm/rubies/ruby-1.8.7-p302/lib/ruby/1.8/webrick/server.rb:92:in `start'
  /Users/MacbookPro/.rvm/rubies/ruby-1.8.7-p302/lib/ruby/1.8/webrick/server.rb:23:in `start'
  /Users/MacbookPro/.rvm/rubies/ruby-1.8.7-p302/lib/ruby/1.8/webrick/server.rb:82:in `start'

Rendering rescues/layout (not_found)


Processing UsersController#new (for 127.0.0.1 at 2011-02-21 17:05:52) [GET]
  Parameters: {"action"=>"new", "controller"=>"users"}
Rendering users/new
Rendered users/_form (2.2ms)
Completed in 17ms (View: 8, DB: 0) | 200 OK [http://localhost/users/new]


Processing UsersController#create (for 127.0.0.1 at 2011-02-21 17:05:59) [POST]
  Parameters: {"commit"=>"Register", "action"=>"create", "controller"=>"users", "user"=>{"password_confirmation"=>"[FILTERED]", "password"=>"[FILTERED]", "email"=>"john.hinnegan@gmail.com"}}
  [4;35;1mUser Load (0.2ms)[0m   [0mSELECT "users".id FROM "users" WHERE (LOWER("users"."email") = 'john.hinnegan@gmail.com') LIMIT 1[0m
  [4;36;1mUser Load (0.1ms)[0m   [0;1mSELECT "users".id FROM "users" WHERE ("users"."persistence_token" = '8a71cd9ad281c8da2d5e391f0116fff8766ea630535203d983c622f0fbfa0c8a2c3d25e4138cc258a8c0702bff75d721d971fb68a2b439f0a3b44d69fb5f3da3') LIMIT 1[0m
  [4;35;1mUser Create (0.5ms)[0m   [0mINSERT INTO "users" ("created_at", "crypted_password", "updated_at", "password_salt", "persistence_token", "email") VALUES('2011-02-21 22:05:59', '84cf6717eb75ae590c48395ca2d79ef31005f449ab94787e5710c7cadc49f76edc37368ffafcd6b58fe0260ae3603786df4a24ef7b3a05de459be93c666b9905', '2011-02-21 22:05:59', 'uCi8xT9NjYdSgaCVO17k', '8a71cd9ad281c8da2d5e391f0116fff8766ea630535203d983c622f0fbfa0c8a2c3d25e4138cc258a8c0702bff75d721d971fb68a2b439f0a3b44d69fb5f3da3', 'john.hinnegan@gmail.com')[0m
Redirected to http://localhost:3000/users/create
Completed in 70ms (DB: 1) | 302 Found [http://localhost/account]


Processing UsersController#show (for 127.0.0.1 at 2011-02-21 17:05:59) [GET]
  Parameters: {"action"=>"show", "id"=>"create", "controller"=>"users"}
  [4;36;1mUser Load (0.3ms)[0m   [0;1mSELECT * FROM "users" WHERE ("users"."persistence_token" = '8a71cd9ad281c8da2d5e391f0116fff8766ea630535203d983c622f0fbfa0c8a2c3d25e4138cc258a8c0702bff75d721d971fb68a2b439f0a3b44d69fb5f3da3') LIMIT 1[0m
Rendering users/show

ActionView::TemplateError (undefined method `login' for #<User:0x1034655d8>) on line #4 of app/views/users/show.html.erb:
1: 
2: <p>
3:   <b>Login:</b>
4:   <%=h @user.login %>
5: </p>
6: 
7: <p>

    app/views/users/show.html.erb:4
    /Users/MacbookPro/.rvm/rubies/ruby-1.8.7-p302/lib/ruby/1.8/webrick/httpserver.rb:104:in `service'
    /Users/MacbookPro/.rvm/rubies/ruby-1.8.7-p302/lib/ruby/1.8/webrick/httpserver.rb:65:in `run'
    /Users/MacbookPro/.rvm/rubies/ruby-1.8.7-p302/lib/ruby/1.8/webrick/server.rb:173:in `start_thread'
    /Users/MacbookPro/.rvm/rubies/ruby-1.8.7-p302/lib/ruby/1.8/webrick/server.rb:162:in `start'
    /Users/MacbookPro/.rvm/rubies/ruby-1.8.7-p302/lib/ruby/1.8/webrick/server.rb:162:in `start_thread'
    /Users/MacbookPro/.rvm/rubies/ruby-1.8.7-p302/lib/ruby/1.8/webrick/server.rb:95:in `start'
    /Users/MacbookPro/.rvm/rubies/ruby-1.8.7-p302/lib/ruby/1.8/webrick/server.rb:92:in `each'
    /Users/MacbookPro/.rvm/rubies/ruby-1.8.7-p302/lib/ruby/1.8/webrick/server.rb:92:in `start'
    /Users/MacbookPro/.rvm/rubies/ruby-1.8.7-p302/lib/ruby/1.8/webrick/server.rb:23:in `start'
    /Users/MacbookPro/.rvm/rubies/ruby-1.8.7-p302/lib/ruby/1.8/webrick/server.rb:82:in `start'

Rendered rescues/_trace (112.2ms)
Rendered rescues/_request_and_response (0.3ms)
Rendering rescues/layout (internal_server_error)


Processing UsersController#show (for 127.0.0.1 at 2011-02-21 17:06:23) [GET]
  Parameters: {"action"=>"show", "id"=>"create", "controller"=>"users"}
  [4;35;1mUser Load (0.2ms)[0m   [0mSELECT * FROM "users" WHERE ("users"."persistence_token" = '8a71cd9ad281c8da2d5e391f0116fff8766ea630535203d983c622f0fbfa0c8a2c3d25e4138cc258a8c0702bff75d721d971fb68a2b439f0a3b44d69fb5f3da3') LIMIT 1[0m
Rendering users/show

ActionView::TemplateError (undefined method `login_count' for #<User:0x10358d9d8>) on line #9 of app/views/users/show.html.erb:
6: 
7: <p>
8:   <b>Login count:</b>
9:   <%=h @user.login_count %>
10: </p>
11: 
12: <p>

    app/views/users/show.html.erb:9
    /Users/MacbookPro/.rvm/rubies/ruby-1.8.7-p302/lib/ruby/1.8/webrick/httpserver.rb:104:in `service'
    /Users/MacbookPro/.rvm/rubies/ruby-1.8.7-p302/lib/ruby/1.8/webrick/httpserver.rb:65:in `run'
    /Users/MacbookPro/.rvm/rubies/ruby-1.8.7-p302/lib/ruby/1.8/webrick/server.rb:173:in `start_thread'
    /Users/MacbookPro/.rvm/rubies/ruby-1.8.7-p302/lib/ruby/1.8/webrick/server.rb:162:in `start'
    /Users/MacbookPro/.rvm/rubies/ruby-1.8.7-p302/lib/ruby/1.8/webrick/server.rb:162:in `start_thread'
    /Users/MacbookPro/.rvm/rubies/ruby-1.8.7-p302/lib/ruby/1.8/webrick/server.rb:95:in `start'
    /Users/MacbookPro/.rvm/rubies/ruby-1.8.7-p302/lib/ruby/1.8/webrick/server.rb:92:in `each'
    /Users/MacbookPro/.rvm/rubies/ruby-1.8.7-p302/lib/ruby/1.8/webrick/server.rb:92:in `start'
    /Users/MacbookPro/.rvm/rubies/ruby-1.8.7-p302/lib/ruby/1.8/webrick/server.rb:23:in `start'
    /Users/MacbookPro/.rvm/rubies/ruby-1.8.7-p302/lib/ruby/1.8/webrick/server.rb:82:in `start'

Rendered rescues/_trace (118.1ms)
Rendered rescues/_request_and_response (0.4ms)
Rendering rescues/layout (internal_server_error)


Processing UsersController#show (for 127.0.0.1 at 2011-02-21 17:06:41) [GET]
  Parameters: {"action"=>"show", "id"=>"create", "controller"=>"users"}
  [4;36;1mUser Load (0.3ms)[0m   [0;1mSELECT * FROM "users" WHERE ("users"."persistence_token" = '8a71cd9ad281c8da2d5e391f0116fff8766ea630535203d983c622f0fbfa0c8a2c3d25e4138cc258a8c0702bff75d721d971fb68a2b439f0a3b44d69fb5f3da3') LIMIT 1[0m
Rendering users/show
Completed in 16ms (View: 4, DB: 0) | 200 OK [http://localhost/users/create]


Processing UsersController#edit (for 127.0.0.1 at 2011-02-21 17:06:44) [GET]
  Parameters: {"action"=>"edit", "controller"=>"users"}
  [4;35;1mUser Load (0.2ms)[0m   [0mSELECT * FROM "users" WHERE ("users"."persistence_token" = '8a71cd9ad281c8da2d5e391f0116fff8766ea630535203d983c622f0fbfa0c8a2c3d25e4138cc258a8c0702bff75d721d971fb68a2b439f0a3b44d69fb5f3da3') LIMIT 1[0m
Rendering users/edit
Rendered users/_form (1.5ms)
Completed in 19ms (View: 7, DB: 0) | 200 OK [http://localhost/account/edit]


Processing UsersController#show (for 127.0.0.1 at 2011-02-21 17:06:45) [GET]
  Parameters: {"action"=>"show", "controller"=>"users"}
  [4;36;1mUser Load (0.3ms)[0m   [0;1mSELECT * FROM "users" WHERE ("users"."persistence_token" = '8a71cd9ad281c8da2d5e391f0116fff8766ea630535203d983c622f0fbfa0c8a2c3d25e4138cc258a8c0702bff75d721d971fb68a2b439f0a3b44d69fb5f3da3') LIMIT 1[0m
Rendering users/show
Completed in 13ms (View: 1, DB: 0) | 200 OK [http://localhost/account]


Processing UserSessionsController#new (for 127.0.0.1 at 2011-02-21 17:06:49) [GET]
  Parameters: {"action"=>"new", "controller"=>"user_sessions"}
  [4;35;1mUser Load (0.2ms)[0m   [0mSELECT * FROM "users" WHERE ("users"."persistence_token" = '8a71cd9ad281c8da2d5e391f0116fff8766ea630535203d983c622f0fbfa0c8a2c3d25e4138cc258a8c0702bff75d721d971fb68a2b439f0a3b44d69fb5f3da3') LIMIT 1[0m
Redirected to http://localhost:3000/account
Filter chain halted as [:require_no_user] rendered_or_redirected.
Completed in 10ms (DB: 0) | 302 Found [http://localhost/]


Processing UsersController#show (for 127.0.0.1 at 2011-02-21 17:06:49) [GET]
  Parameters: {"action"=>"show", "controller"=>"users"}
  [4;36;1mUser Load (0.3ms)[0m   [0;1mSELECT * FROM "users" WHERE ("users"."persistence_token" = '8a71cd9ad281c8da2d5e391f0116fff8766ea630535203d983c622f0fbfa0c8a2c3d25e4138cc258a8c0702bff75d721d971fb68a2b439f0a3b44d69fb5f3da3') LIMIT 1[0m
Rendering users/show
Completed in 82ms (View: 1, DB: 0) | 200 OK [http://localhost/account]


Processing OauthController#index (for 127.0.0.1 at 2011-02-21 17:07:16) [GET]
  Parameters: {"action"=>"index", "controller"=>"oauth"}

ActionController::UnknownAction (No action responded to index. Actions: access_token, authorize, capabilities, invalidate, request_token, revoke, and test_request):
  /Users/MacbookPro/.rvm/rubies/ruby-1.8.7-p302/lib/ruby/1.8/webrick/httpserver.rb:104:in `service'
  /Users/MacbookPro/.rvm/rubies/ruby-1.8.7-p302/lib/ruby/1.8/webrick/httpserver.rb:65:in `run'
  /Users/MacbookPro/.rvm/rubies/ruby-1.8.7-p302/lib/ruby/1.8/webrick/server.rb:173:in `start_thread'
  /Users/MacbookPro/.rvm/rubies/ruby-1.8.7-p302/lib/ruby/1.8/webrick/server.rb:162:in `start'
  /Users/MacbookPro/.rvm/rubies/ruby-1.8.7-p302/lib/ruby/1.8/webrick/server.rb:162:in `start_thread'
  /Users/MacbookPro/.rvm/rubies/ruby-1.8.7-p302/lib/ruby/1.8/webrick/server.rb:95:in `start'
  /Users/MacbookPro/.rvm/rubies/ruby-1.8.7-p302/lib/ruby/1.8/webrick/server.rb:92:in `each'
  /Users/MacbookPro/.rvm/rubies/ruby-1.8.7-p302/lib/ruby/1.8/webrick/server.rb:92:in `start'
  /Users/MacbookPro/.rvm/rubies/ruby-1.8.7-p302/lib/ruby/1.8/webrick/server.rb:23:in `start'
  /Users/MacbookPro/.rvm/rubies/ruby-1.8.7-p302/lib/ruby/1.8/webrick/server.rb:82:in `start'

Rendering rescues/layout (not_found)
  [4;36;1mSQL (2.2ms)[0m   [0;1m SELECT name
 FROM sqlite_master
 WHERE type = 'table' AND NOT name = 'sqlite_sequence'
[0m
  [4;35;1mSQL (0.2ms)[0m   [0mSELECT version FROM schema_migrations[0m
Migrating to CreateOauthTables (20110221212726)
Migrating to CreateUsers (20110221214429)
  [4;36;1mSQL (0.1ms)[0m   [0;1mselect sqlite_version(*)[0m
  [4;35;1mSQL (0.2ms)[0m   [0m SELECT name
 FROM sqlite_master
 WHERE type = 'table' AND NOT name = 'sqlite_sequence'
[0m
  [4;36;1mSQL (0.1ms)[0m   [0;1mSELECT version FROM schema_migrations[0m
  [4;35;1mSQL (0.2ms)[0m   [0m SELECT name
 FROM sqlite_master
 WHERE type = 'table' AND NOT name = 'sqlite_sequence'
[0m
  [4;36;1mSQL (0.1ms)[0m   [0;1mPRAGMA index_list("client_applications")[0m
  [4;35;1mSQL (0.1ms)[0m   [0mPRAGMA index_info('index_client_applications_on_key')[0m
  [4;36;1mSQL (0.1ms)[0m   [0;1mPRAGMA index_list("oauth_nonces")[0m
  [4;35;1mSQL (0.2ms)[0m   [0mPRAGMA index_info('index_oauth_nonces_on_nonce_and_timestamp')[0m
  [4;36;1mSQL (0.1ms)[0m   [0;1mPRAGMA index_list("oauth_tokens")[0m
  [4;35;1mSQL (0.1ms)[0m   [0mPRAGMA index_info('index_oauth_tokens_on_token')[0m
  [4;36;1mSQL (0.0ms)[0m   [0;1mPRAGMA index_list("users")[0m
  [4;36;1mSQL (0.7ms)[0m   [0;1m SELECT name
 FROM sqlite_master
 WHERE type = 'table' AND NOT name = 'sqlite_sequence'
[0m
  [4;35;1mSQL (0.1ms)[0m   [0mSELECT version FROM schema_migrations[0m
Migrating to CreateOauthTables (20110221212726)
Migrating to CreateUsers (20110221214429)
  [4;36;1mSQL (0.1ms)[0m   [0;1mselect sqlite_version(*)[0m
  [4;35;1mSQL (0.2ms)[0m   [0m SELECT name
 FROM sqlite_master
 WHERE type = 'table' AND NOT name = 'sqlite_sequence'
[0m
  [4;36;1mSQL (0.1ms)[0m   [0;1mSELECT version FROM schema_migrations[0m
  [4;35;1mSQL (0.1ms)[0m   [0m SELECT name
 FROM sqlite_master
 WHERE type = 'table' AND NOT name = 'sqlite_sequence'
[0m
  [4;36;1mSQL (0.1ms)[0m   [0;1mPRAGMA index_list("client_applications")[0m
  [4;35;1mSQL (0.1ms)[0m   [0mPRAGMA index_info('index_client_applications_on_key')[0m
  [4;36;1mSQL (0.1ms)[0m   [0;1mPRAGMA index_list("oauth_nonces")[0m
  [4;35;1mSQL (0.1ms)[0m   [0mPRAGMA index_info('index_oauth_nonces_on_nonce_and_timestamp')[0m
  [4;36;1mSQL (0.1ms)[0m   [0;1mPRAGMA index_list("oauth_tokens")[0m
  [4;35;1mSQL (0.1ms)[0m   [0mPRAGMA index_info('index_oauth_tokens_on_token')[0m
  [4;36;1mSQL (0.0ms)[0m   [0;1mPRAGMA index_list("users")[0m


Processing OauthClientsController#index (for 127.0.0.1 at 2011-02-21 17:15:48) [GET]
  Parameters: {"action"=>"index", "controller"=>"oauth_clients"}

NoMethodError (undefined method `login_required' for #<OauthClientsController:0x10367c3a8>):
  /Users/MacbookPro/.rvm/rubies/ruby-1.8.7-p302/lib/ruby/1.8/webrick/httpserver.rb:104:in `service'
  /Users/MacbookPro/.rvm/rubies/ruby-1.8.7-p302/lib/ruby/1.8/webrick/httpserver.rb:65:in `run'
  /Users/MacbookPro/.rvm/rubies/ruby-1.8.7-p302/lib/ruby/1.8/webrick/server.rb:173:in `start_thread'
  /Users/MacbookPro/.rvm/rubies/ruby-1.8.7-p302/lib/ruby/1.8/webrick/server.rb:162:in `start'
  /Users/MacbookPro/.rvm/rubies/ruby-1.8.7-p302/lib/ruby/1.8/webrick/server.rb:162:in `start_thread'
  /Users/MacbookPro/.rvm/rubies/ruby-1.8.7-p302/lib/ruby/1.8/webrick/server.rb:95:in `start'
  /Users/MacbookPro/.rvm/rubies/ruby-1.8.7-p302/lib/ruby/1.8/webrick/server.rb:92:in `each'
  /Users/MacbookPro/.rvm/rubies/ruby-1.8.7-p302/lib/ruby/1.8/webrick/server.rb:92:in `start'
  /Users/MacbookPro/.rvm/rubies/ruby-1.8.7-p302/lib/ruby/1.8/webrick/server.rb:23:in `start'
  /Users/MacbookPro/.rvm/rubies/ruby-1.8.7-p302/lib/ruby/1.8/webrick/server.rb:82:in `start'

Rendered rescues/_trace (39.9ms)
Rendered rescues/_request_and_response (1.2ms)
Rendering rescues/layout (internal_server_error)


Processing OauthClientsController#index (for 127.0.0.1 at 2011-02-21 17:16:18) [GET]
  Parameters: {"action"=>"index", "controller"=>"oauth_clients"}
  [4;36;1mUser Load (0.3ms)[0m   [0;1mSELECT * FROM "users" WHERE ("users"."persistence_token" = '8a71cd9ad281c8da2d5e391f0116fff8766ea630535203d983c622f0fbfa0c8a2c3d25e4138cc258a8c0702bff75d721d971fb68a2b439f0a3b44d69fb5f3da3') LIMIT 1[0m

NoMethodError (undefined method `client_applications' for #<User:0x1038271a8>):
  app/controllers/oauth_clients_controller.rb:6:in `index'
  /Users/MacbookPro/.rvm/rubies/ruby-1.8.7-p302/lib/ruby/1.8/webrick/httpserver.rb:104:in `service'
  /Users/MacbookPro/.rvm/rubies/ruby-1.8.7-p302/lib/ruby/1.8/webrick/httpserver.rb:65:in `run'
  /Users/MacbookPro/.rvm/rubies/ruby-1.8.7-p302/lib/ruby/1.8/webrick/server.rb:173:in `start_thread'
  /Users/MacbookPro/.rvm/rubies/ruby-1.8.7-p302/lib/ruby/1.8/webrick/server.rb:162:in `start'
  /Users/MacbookPro/.rvm/rubies/ruby-1.8.7-p302/lib/ruby/1.8/webrick/server.rb:162:in `start_thread'
  /Users/MacbookPro/.rvm/rubies/ruby-1.8.7-p302/lib/ruby/1.8/webrick/server.rb:95:in `start'
  /Users/MacbookPro/.rvm/rubies/ruby-1.8.7-p302/lib/ruby/1.8/webrick/server.rb:92:in `each'
  /Users/MacbookPro/.rvm/rubies/ruby-1.8.7-p302/lib/ruby/1.8/webrick/server.rb:92:in `start'
  /Users/MacbookPro/.rvm/rubies/ruby-1.8.7-p302/lib/ruby/1.8/webrick/server.rb:23:in `start'
  /Users/MacbookPro/.rvm/rubies/ruby-1.8.7-p302/lib/ruby/1.8/webrick/server.rb:82:in `start'

Rendered rescues/_trace (32.7ms)
Rendered rescues/_request_and_response (0.3ms)
Rendering rescues/layout (internal_server_error)


Processing OauthClientsController#index (for 127.0.0.1 at 2011-02-21 17:16:43) [GET]
  Parameters: {"action"=>"index", "controller"=>"oauth_clients"}
  [4;35;1mUser Load (0.3ms)[0m   [0mSELECT * FROM "users" WHERE ("users"."persistence_token" = '8a71cd9ad281c8da2d5e391f0116fff8766ea630535203d983c622f0fbfa0c8a2c3d25e4138cc258a8c0702bff75d721d971fb68a2b439f0a3b44d69fb5f3da3') LIMIT 1[0m
  [4;36;1mOauthToken Load (0.3ms)[0m   [0;1mSELECT * FROM "oauth_tokens" WHERE ("oauth_tokens".user_id = 1 AND (oauth_tokens.invalidated_at is null and oauth_tokens.authorized_at is not null)) ORDER BY authorized_at desc[0m
Rendering oauth_clients/index
  [4;35;1mSQL (0.2ms)[0m   [0mSELECT count(*) AS count_all FROM "client_applications" WHERE ("client_applications".user_id = 1) [0m
Completed in 30ms (View: 6, DB: 1) | 200 OK [http://localhost/oauth]


Processing OauthClientsController#index (for 127.0.0.1 at 2011-02-21 17:16:50) [GET]
  Parameters: {"action"=>"index", "controller"=>"oauth_clients"}
  [4;36;1mUser Load (0.3ms)[0m   [0;1mSELECT * FROM "users" WHERE ("users"."persistence_token" = '8a71cd9ad281c8da2d5e391f0116fff8766ea630535203d983c622f0fbfa0c8a2c3d25e4138cc258a8c0702bff75d721d971fb68a2b439f0a3b44d69fb5f3da3') LIMIT 1[0m
  [4;35;1mOauthToken Load (0.2ms)[0m   [0mSELECT * FROM "oauth_tokens" WHERE ("oauth_tokens".user_id = 1 AND (oauth_tokens.invalidated_at is null and oauth_tokens.authorized_at is not null)) ORDER BY authorized_at desc[0m
Rendering oauth_clients/index
  [4;36;1mSQL (0.2ms)[0m   [0;1mSELECT count(*) AS count_all FROM "client_applications" WHERE ("client_applications".user_id = 1) [0m
Completed in 86ms (View: 2, DB: 1) | 200 OK [http://localhost/oauth]


Processing OauthClientsController#new (for 127.0.0.1 at 2011-02-21 17:16:54) [GET]
  Parameters: {"action"=>"new", "controller"=>"oauth_clients"}
  [4;35;1mUser Load (0.3ms)[0m   [0mSELECT * FROM "users" WHERE ("users"."persistence_token" = '8a71cd9ad281c8da2d5e391f0116fff8766ea630535203d983c622f0fbfa0c8a2c3d25e4138cc258a8c0702bff75d721d971fb68a2b439f0a3b44d69fb5f3da3') LIMIT 1[0m
Rendering oauth_clients/new
Rendered oauth_clients/_form (3.4ms)
Completed in 28ms (View: 10, DB: 0) | 200 OK [http://localhost/oauth_clients/new]


Processing OauthClientsController#create (for 127.0.0.1 at 2011-02-21 17:17:08) [POST]
  Parameters: {"commit"=>"Register", "action"=>"create", "client_application"=>{"name"=>"John", "support_url"=>"", "callback_url"=>"www.xxx.com", "url"=>"www.softwaregravy.com"}, "controller"=>"oauth_clients"}
  [4;36;1mUser Load (0.3ms)[0m   [0;1mSELECT * FROM "users" WHERE ("users"."persistence_token" = '8a71cd9ad281c8da2d5e391f0116fff8766ea630535203d983c622f0fbfa0c8a2c3d25e4138cc258a8c0702bff75d721d971fb68a2b439f0a3b44d69fb5f3da3') LIMIT 1[0m
  [4;35;1mClientApplication Load (0.2ms)[0m   [0mSELECT "client_applications".id FROM "client_applications" WHERE ("client_applications"."key" = 'rUbJoHCNrPGk2RkPpZ5K') LIMIT 1[0m
Rendering oauth_clients/new
Rendered oauth_clients/_form (4.9ms)
Completed in 27ms (View: 6, DB: 0) | 200 OK [http://localhost/oauth_clients]


Processing OauthClientsController#create (for 127.0.0.1 at 2011-02-21 17:17:19) [POST]
  Parameters: {"commit"=>"Register", "action"=>"create", "client_application"=>{"name"=>"John", "support_url"=>"", "callback_url"=>"http://thinknear.com", "url"=>"www.softwaregravy.com"}, "controller"=>"oauth_clients"}
  [4;36;1mUser Load (0.3ms)[0m   [0;1mSELECT * FROM "users" WHERE ("users"."persistence_token" = '8a71cd9ad281c8da2d5e391f0116fff8766ea630535203d983c622f0fbfa0c8a2c3d25e4138cc258a8c0702bff75d721d971fb68a2b439f0a3b44d69fb5f3da3') LIMIT 1[0m
  [4;35;1mClientApplication Load (0.2ms)[0m   [0mSELECT "client_applications".id FROM "client_applications" WHERE ("client_applications"."key" = 'nhBNjnpdnqGa2F2HM3Ku') LIMIT 1[0m
Rendering oauth_clients/new
Rendered oauth_clients/_form (3.5ms)
Completed in 26ms (View: 5, DB: 0) | 200 OK [http://localhost/oauth_clients]


Processing OauthClientsController#create (for 127.0.0.1 at 2011-02-21 17:17:32) [POST]
  Parameters: {"commit"=>"Register", "action"=>"create", "client_application"=>{"name"=>"John", "support_url"=>"", "callback_url"=>"http://thinknear.com", "url"=>"http://softwaregravy.com"}, "controller"=>"oauth_clients"}
  [4;36;1mUser Load (0.4ms)[0m   [0;1mSELECT * FROM "users" WHERE ("users"."persistence_token" = '8a71cd9ad281c8da2d5e391f0116fff8766ea630535203d983c622f0fbfa0c8a2c3d25e4138cc258a8c0702bff75d721d971fb68a2b439f0a3b44d69fb5f3da3') LIMIT 1[0m
  [4;35;1mClientApplication Load (0.2ms)[0m   [0mSELECT "client_applications".id FROM "client_applications" WHERE ("client_applications"."key" = 'qufHnoO5crGDN4yy7eC5') LIMIT 1[0m
  [4;36;1mClientApplication Create (0.4ms)[0m   [0;1mINSERT INTO "client_applications" ("name", "created_at", "support_url", "callback_url", "updated_at", "url", "user_id", "key", "secret") VALUES('John', '2011-02-21 22:17:32', '', 'http://thinknear.com', '2011-02-21 22:17:32', 'http://softwaregravy.com', 1, 'qufHnoO5crGDN4yy7eC5', 'YPBxjGvnU5muRVY7aoSDlXwGC4mJ5UA8Sz0LnIYa')[0m
Redirected to http://localhost:3000/oauth_clients/1
Completed in 23ms (DB: 1) | 302 Found [http://localhost/oauth_clients]


Processing OauthClientsController#show (for 127.0.0.1 at 2011-02-21 17:17:32) [GET]
  Parameters: {"action"=>"show", "id"=>"1", "controller"=>"oauth_clients"}
  [4;35;1mUser Load (0.2ms)[0m   [0mSELECT * FROM "users" WHERE ("users"."persistence_token" = '8a71cd9ad281c8da2d5e391f0116fff8766ea630535203d983c622f0fbfa0c8a2c3d25e4138cc258a8c0702bff75d721d971fb68a2b439f0a3b44d69fb5f3da3') LIMIT 1[0m
  [4;36;1mClientApplication Load (0.2ms)[0m   [0;1mSELECT * FROM "client_applications" WHERE ("client_applications"."id" = 1 AND ("client_applications".user_id = 1)) [0m
Rendering oauth_clients/show
Completed in 23ms (View: 6, DB: 0) | 200 OK [http://localhost/oauth_clients/1]


Processing OauthClientsController#index (for 127.0.0.1 at 2011-02-21 17:17:53) [GET]
  Parameters: {"action"=>"index", "controller"=>"oauth_clients"}
  [4;35;1mUser Load (0.3ms)[0m   [0mSELECT * FROM "users" WHERE ("users"."persistence_token" = '8a71cd9ad281c8da2d5e391f0116fff8766ea630535203d983c622f0fbfa0c8a2c3d25e4138cc258a8c0702bff75d721d971fb68a2b439f0a3b44d69fb5f3da3') LIMIT 1[0m
  [4;36;1mOauthToken Load (0.2ms)[0m   [0;1mSELECT * FROM "oauth_tokens" WHERE ("oauth_tokens".user_id = 1 AND (oauth_tokens.invalidated_at is null and oauth_tokens.authorized_at is not null)) ORDER BY authorized_at desc[0m
Rendering oauth_clients/index
  [4;35;1mSQL (0.2ms)[0m   [0mSELECT count(*) AS count_all FROM "client_applications" WHERE ("client_applications".user_id = 1) [0m
  [4;36;1mClientApplication Load (0.2ms)[0m   [0;1mSELECT * FROM "client_applications" WHERE ("client_applications".user_id = 1) [0m
Completed in 86ms (View: 5, DB: 1) | 200 OK [http://localhost/oauth_clients]


Processing OauthClientsController#show (for 127.0.0.1 at 2011-02-21 17:17:55) [GET]
  Parameters: {"action"=>"show", "id"=>"1", "controller"=>"oauth_clients"}
  [4;35;1mUser Load (0.3ms)[0m   [0mSELECT * FROM "users" WHERE ("users"."persistence_token" = '8a71cd9ad281c8da2d5e391f0116fff8766ea630535203d983c622f0fbfa0c8a2c3d25e4138cc258a8c0702bff75d721d971fb68a2b439f0a3b44d69fb5f3da3') LIMIT 1[0m
  [4;36;1mClientApplication Load (0.3ms)[0m   [0;1mSELECT * FROM "client_applications" WHERE ("client_applications"."id" = 1 AND ("client_applications".user_id = 1)) [0m
Rendering oauth_clients/show
Completed in 20ms (View: 2, DB: 1) | 200 OK [http://localhost/oauth_clients/1]


Processing OauthClientsController#index (for 127.0.0.1 at 2011-02-21 17:17:57) [GET]
  Parameters: {"action"=>"index", "controller"=>"oauth_clients"}
  [4;35;1mUser Load (0.5ms)[0m   [0mSELECT * FROM "users" WHERE ("users"."persistence_token" = '8a71cd9ad281c8da2d5e391f0116fff8766ea630535203d983c622f0fbfa0c8a2c3d25e4138cc258a8c0702bff75d721d971fb68a2b439f0a3b44d69fb5f3da3') LIMIT 1[0m
  [4;36;1mOauthToken Load (0.2ms)[0m   [0;1mSELECT * FROM "oauth_tokens" WHERE ("oauth_tokens".user_id = 1 AND (oauth_tokens.invalidated_at is null and oauth_tokens.authorized_at is not null)) ORDER BY authorized_at desc[0m
Rendering oauth_clients/index
  [4;35;1mSQL (0.2ms)[0m   [0mSELECT count(*) AS count_all FROM "client_applications" WHERE ("client_applications".user_id = 1) [0m
  [4;36;1mClientApplication Load (0.2ms)[0m   [0;1mSELECT * FROM "client_applications" WHERE ("client_applications".user_id = 1) [0m
Completed in 27ms (View: 5, DB: 1) | 200 OK [http://localhost/oauth_clients]


Processing OauthClientsController#show (for 127.0.0.1 at 2011-02-21 17:25:03) [GET]
  Parameters: {"action"=>"show", "id"=>"1", "controller"=>"oauth_clients"}
  [4;35;1mUser Load (0.3ms)[0m   [0mSELECT * FROM "users" WHERE ("users"."persistence_token" = '8a71cd9ad281c8da2d5e391f0116fff8766ea630535203d983c622f0fbfa0c8a2c3d25e4138cc258a8c0702bff75d721d971fb68a2b439f0a3b44d69fb5f3da3') LIMIT 1[0m
  [4;36;1mClientApplication Load (0.2ms)[0m   [0;1mSELECT * FROM "client_applications" WHERE ("client_applications"."id" = 1 AND ("client_applications".user_id = 1)) [0m
Rendering oauth_clients/show
Completed in 82ms (View: 2, DB: 1) | 200 OK [http://localhost/oauth_clients/1]


Processing OauthClientsController#edit (for 127.0.0.1 at 2011-02-21 17:58:55) [GET]
  Parameters: {"action"=>"edit", "id"=>"1", "controller"=>"oauth_clients"}
  [4;35;1mUser Load (0.3ms)[0m   [0mSELECT * FROM "users" WHERE ("users"."persistence_token" = '8a71cd9ad281c8da2d5e391f0116fff8766ea630535203d983c622f0fbfa0c8a2c3d25e4138cc258a8c0702bff75d721d971fb68a2b439f0a3b44d69fb5f3da3') LIMIT 1[0m
  [4;36;1mClientApplication Load (0.2ms)[0m   [0;1mSELECT * FROM "client_applications" WHERE ("client_applications"."id" = 1 AND ("client_applications".user_id = 1)) [0m
Rendering oauth_clients/edit
Rendered oauth_clients/_form (2.2ms)
Completed in 54ms (View: 8, DB: 1) | 200 OK [http://localhost/oauth_clients/1/edit]


Processing OauthClientsController#index (for 127.0.0.1 at 2011-02-21 17:58:57) [GET]
  Parameters: {"action"=>"index", "controller"=>"oauth_clients"}
  [4;35;1mUser Load (0.3ms)[0m   [0mSELECT * FROM "users" WHERE ("users"."persistence_token" = '8a71cd9ad281c8da2d5e391f0116fff8766ea630535203d983c622f0fbfa0c8a2c3d25e4138cc258a8c0702bff75d721d971fb68a2b439f0a3b44d69fb5f3da3') LIMIT 1[0m
  [4;36;1mOauthToken Load (0.2ms)[0m   [0;1mSELECT * FROM "oauth_tokens" WHERE ("oauth_tokens".user_id = 1 AND (oauth_tokens.invalidated_at is null and oauth_tokens.authorized_at is not null)) ORDER BY authorized_at desc[0m
Rendering oauth_clients/index
  [4;35;1mSQL (0.2ms)[0m   [0mSELECT count(*) AS count_all FROM "client_applications" WHERE ("client_applications".user_id = 1) [0m
  [4;36;1mClientApplication Load (0.2ms)[0m   [0;1mSELECT * FROM "client_applications" WHERE ("client_applications".user_id = 1) [0m
Completed in 27ms (View: 6, DB: 1) | 200 OK [http://localhost/oauth_clients]
  [4;36;1mSQL (0.7ms)[0m   [0;1m SELECT name
 FROM sqlite_master
 WHERE type = 'table' AND NOT name = 'sqlite_sequence'
[0m
  [4;35;1mSQL (0.1ms)[0m   [0mSELECT version FROM schema_migrations[0m
Migrating to CreateOauthTables (20110221212726)
Migrating to CreateUsers (20110221214429)
Migrating to CreateComments (20110221230409)
  [4;36;1mSQL (0.1ms)[0m   [0;1mselect sqlite_version(*)[0m
  [4;35;1mSQL (0.5ms)[0m   [0mCREATE TABLE "comments" ("id" INTEGER PRIMARY KEY AUTOINCREMENT NOT NULL, "content" varchar(255), "created_at" datetime, "updated_at" datetime) [0m
  [4;36;1mSQL (0.1ms)[0m   [0;1mINSERT INTO schema_migrations (version) VALUES ('20110221230409')[0m
  [4;35;1mSQL (0.3ms)[0m   [0m SELECT name
 FROM sqlite_master
 WHERE type = 'table' AND NOT name = 'sqlite_sequence'
[0m
  [4;36;1mSQL (0.1ms)[0m   [0;1mSELECT version FROM schema_migrations[0m
  [4;35;1mSQL (0.2ms)[0m   [0m SELECT name
 FROM sqlite_master
 WHERE type = 'table' AND NOT name = 'sqlite_sequence'
[0m
  [4;36;1mSQL (0.1ms)[0m   [0;1mPRAGMA index_list("client_applications")[0m
  [4;35;1mSQL (0.1ms)[0m   [0mPRAGMA index_info('index_client_applications_on_key')[0m
  [4;36;1mSQL (0.0ms)[0m   [0;1mPRAGMA index_list("comments")[0m
  [4;35;1mSQL (0.1ms)[0m   [0mPRAGMA index_list("oauth_nonces")[0m
  [4;36;1mSQL (0.1ms)[0m   [0;1mPRAGMA index_info('index_oauth_nonces_on_nonce_and_timestamp')[0m
  [4;35;1mSQL (0.1ms)[0m   [0mPRAGMA index_list("oauth_tokens")[0m
  [4;36;1mSQL (0.1ms)[0m   [0;1mPRAGMA index_info('index_oauth_tokens_on_token')[0m
  [4;35;1mSQL (0.0ms)[0m   [0mPRAGMA index_list("users")[0m
